<?xml version="1.0" encoding="UTF-8"?>
<testng-results ignored="0" total="1" passed="1" failed="0" skipped="0">
  <reporter-output>
  </reporter-output>
  <suite started-at="2023-07-25T08:47:20 IST" name="Default suite" finished-at="2023-07-25T08:47:32 IST" duration-ms="11367">
    <groups>
    </groups>
    <test started-at="2023-07-25T08:47:20 IST" name="Default test" finished-at="2023-07-25T08:47:32 IST" duration-ms="11367">
      <class name="DynamicXpath.FetchAllMobileNamealongWithPriceAmzonTest">
        <test-method signature="Mobilenameprice()[pri:0, instance:DynamicXpath.FetchAllMobileNamealongWithPriceAmzonTest@47987356]" started-at="2023-07-25T08:47:20 IST" name="Mobilenameprice" finished-at="2023-07-25T08:47:31 IST" duration-ms="11319" status="PASS">
          <reporter-output>
          </reporter-output>
        </test-method> <!-- Mobilenameprice -->
      </class> <!-- DynamicXpath.FetchAllMobileNamealongWithPriceAmzonTest -->
    </test> <!-- Default test -->
  </suite> <!-- Default suite -->
</testng-results>
