<?xml version="1.0" encoding="UTF-8"?>
<!-- Generated by org.testng.reporters.JUnitXMLReporter -->
<testsuite ignored="2" hostname="DESKTOP-LD2GPJV" failures="0" tests="2" name="ChromeBrowser" time="21.45" errors="0" timestamp="2023-07-11T09:35:13 IST">
  <testcase classname="lifeinsurancesystem_payments.EditpaymentTest" name="Editpayment" time="7.335"/>
  <testcase classname="lifeinsurancesystem_payments.CreatenomineeandverifyTest" name="addnominee" time="7.803"/>
  <testcase classname="Newa_generic_utility.Baseclass" name="@BeforeSuite connectToDB" time="0.0">
    <ignored/>
  </testcase> <!-- @BeforeSuite connectToDB -->
  <testcase classname="Newa_generic_utility.Baseclass" name="@AfterSuite closeDatabase" time="0.0">
    <ignored/>
  </testcase> <!-- @AfterSuite closeDatabase -->
</testsuite> <!-- ChromeBrowser -->
