<?xml version="1.0" encoding="UTF-8"?>
<!-- Generated by org.testng.reporters.JUnitXMLReporter -->
<testsuite ignored="6" hostname="DESKTOP-LD2GPJV" failures="0" tests="4" name="Test" time="36.983" errors="0" timestamp="2023-07-10T15:43:14 IST">
  <testcase classname="lifeinsurancesystem_payments.AddpaymentandverifyTest" name="addpayment" time="9.284"/>
  <testcase classname="lifeinsurancesystem_payments.LogintoappaddpaymentlogoutTest" name="addpayment" time="2.176"/>
  <testcase classname="lifeinsurancesystem_payments.EditpaymentTest" name="Editpayment" time="5.66"/>
  <testcase classname="lifeinsurancesystem_payments.CreatenomineeandverifyTest" name="addnominee" time="6.836"/>
  <testcase classname="Newa_generic_utility.Baseclass" name="@BeforeSuite connectToDB" time="0.0">
    <ignored/>
  </testcase> <!-- @BeforeSuite connectToDB -->
  <testcase classname="Newa_generic_utility.Baseclass" name="@BeforeSuite connectToDB" time="0.0">
    <ignored/>
  </testcase> <!-- @BeforeSuite connectToDB -->
  <testcase classname="Newa_generic_utility.Baseclass" name="@BeforeSuite connectToDB" time="0.0">
    <ignored/>
  </testcase> <!-- @BeforeSuite connectToDB -->
  <testcase classname="Newa_generic_utility.Baseclass" name="@AfterSuite closeDatabase" time="0.0">
    <ignored/>
  </testcase> <!-- @AfterSuite closeDatabase -->
  <testcase classname="Newa_generic_utility.Baseclass" name="@AfterSuite closeDatabase" time="0.0">
    <ignored/>
  </testcase> <!-- @AfterSuite closeDatabase -->
  <testcase classname="Newa_generic_utility.Baseclass" name="@AfterSuite closeDatabase" time="0.0">
    <ignored/>
  </testcase> <!-- @AfterSuite closeDatabase -->
</testsuite> <!-- Test -->
